This file contains any messages produced by compilers while
running configure, to aid debugging if configure makes a mistake.

It was created by configure, which was
generated by GNU Autoconf 2.69.  Invocation command line was

  $ ./configure 

## --------- ##
## Platform. ##
## --------- ##

hostname = bdtp
uname -m = x86_64
uname -r = 2.6.32-042stab104.1
uname -s = Linux
uname -v = #1 SMP Thu Jan 29 12:58:41 MSK 2015

/usr/bin/uname -p = x86_64
/bin/uname -X     = unknown

/bin/arch              = x86_64
/usr/bin/arch -k       = unknown
/usr/convex/getsysinfo = unknown
/usr/bin/hostinfo      = unknown
/bin/machine           = unknown
/usr/bin/oslevel       = unknown
/bin/universe          = unknown

PATH: /home/bonz/.rbenv/plugins/ruby-build/bin
PATH: /home/bonz/.rbenv/shims
PATH: /home/bonz/.rbenv/bin
PATH: /usr/local/bin
PATH: /usr/bin
PATH: /usr/local/sbin
PATH: /usr/sbin
PATH: /home/bonz/.local/bin
PATH: /home/bonz/bin


## ----------- ##
## Core tests. ##
## ----------- ##

configure:2079: checking for grep that handles long lines and -e
configure:2137: result: /usr/bin/grep
configure:2142: checking for egrep
configure:2204: result: /usr/bin/grep -E
configure:2209: checking for a sed that does not truncate output
configure:2273: result: /usr/bin/sed
configure:2407: checking for cc
configure:2423: found /usr/bin/cc
configure:2434: result: cc
configure:2465: checking for C compiler version
configure:2474: cc --version >&5
cc (GCC) 4.8.5 20150623 (Red Hat 4.8.5-11)
Copyright (C) 2015 Free Software Foundation, Inc.
This is free software; see the source for copying conditions.  There is NO
warranty; not even for MERCHANTABILITY or FITNESS FOR A PARTICULAR PURPOSE.

configure:2485: $? = 0
configure:2474: cc -v >&5
Using built-in specs.
COLLECT_GCC=cc
COLLECT_LTO_WRAPPER=/usr/libexec/gcc/x86_64-redhat-linux/4.8.5/lto-wrapper
Target: x86_64-redhat-linux
Configured with: ../configure --prefix=/usr --mandir=/usr/share/man --infodir=/usr/share/info --with-bugurl=http://bugzilla.redhat.com/bugzilla --enable-bootstrap --enable-shared --enable-threads=posix --enable-checking=release --with-system-zlib --enable-__cxa_atexit --disable-libunwind-exceptions --enable-gnu-unique-object --enable-linker-build-id --with-linker-hash-style=gnu --enable-languages=c,c++,objc,obj-c++,java,fortran,ada,go,lto --enable-plugin --enable-initfini-array --disable-libgcj --with-isl=/builddir/build/BUILD/gcc-4.8.5-20150702/obj-x86_64-redhat-linux/isl-install --with-cloog=/builddir/build/BUILD/gcc-4.8.5-20150702/obj-x86_64-redhat-linux/cloog-install --enable-gnu-indirect-function --with-tune=generic --with-arch_32=x86-64 --build=x86_64-redhat-linux
Thread model: posix
gcc version 4.8.5 20150623 (Red Hat 4.8.5-11) (GCC) 
configure:2485: $? = 0
configure:2474: cc -V >&5
cc: error: unrecognized command line option '-V'
cc: fatal error: no input files
compilation terminated.
configure:2485: $? = 4
configure:2474: cc -qversion >&5
cc: error: unrecognized command line option '-qversion'
cc: fatal error: no input files
compilation terminated.
configure:2485: $? = 4
configure:2505: checking whether the C compiler works
configure:2527: cc    conftest.c  >&5
configure:2531: $? = 0
configure:2579: result: yes
configure:2582: checking for C compiler default output file name
configure:2584: result: a.out
configure:2590: checking for suffix of executables
configure:2597: cc -o conftest    conftest.c  >&5
configure:2601: $? = 0
configure:2623: result: 
configure:2645: checking whether we are cross compiling
configure:2653: cc -o conftest    conftest.c  >&5
configure:2657: $? = 0
configure:2664: ./conftest
configure:2668: $? = 0
configure:2683: result: no
configure:2688: checking for suffix of object files
configure:2710: cc -c   conftest.c >&5
configure:2714: $? = 0
configure:2735: result: o
configure:2739: checking whether we are using the GNU C compiler
configure:2758: cc -c   conftest.c >&5
configure:2758: $? = 0
configure:2767: result: yes
configure:2776: checking whether cc accepts -g
configure:2796: cc -c -g  conftest.c >&5
configure:2796: $? = 0
configure:2837: result: yes
configure:2854: checking for cc option to accept ISO C89
configure:2917: cc  -c -g -O2  conftest.c >&5
configure:2917: $? = 0
configure:2930: result: none needed
configure:2956: checking how to run the C preprocessor
configure:2987: cc -E  conftest.c
configure:2987: $? = 0
configure:3001: cc -E  conftest.c
conftest.c:9:28: fatal error: ac_nonexistent.h: No such file or directory
 #include <ac_nonexistent.h>
                            ^
compilation terminated.
configure:3001: $? = 1
configure: failed program was:
| /* confdefs.h */
| #define PACKAGE_NAME ""
| #define PACKAGE_TARNAME ""
| #define PACKAGE_VERSION ""
| #define PACKAGE_STRING ""
| #define PACKAGE_BUGREPORT ""
| #define PACKAGE_URL ""
| /* end confdefs.h.  */
| #include <ac_nonexistent.h>
configure:3026: result: cc -E
configure:3046: cc -E  conftest.c
configure:3046: $? = 0
configure:3060: cc -E  conftest.c
conftest.c:9:28: fatal error: ac_nonexistent.h: No such file or directory
 #include <ac_nonexistent.h>
                            ^
compilation terminated.
configure:3060: $? = 1
configure: failed program was:
| /* confdefs.h */
| #define PACKAGE_NAME ""
| #define PACKAGE_TARNAME ""
| #define PACKAGE_VERSION ""
| #define PACKAGE_STRING ""
| #define PACKAGE_BUGREPORT ""
| #define PACKAGE_URL ""
| /* end confdefs.h.  */
| #include <ac_nonexistent.h>
configure:3091: checking for icc
configure:3100: result: no
configure:3114: checking for suncc
configure:3123: result: no
configure:3141: checking whether cc understands -c and -o together
configure:3169: cc -c conftest.c -o conftest2.o >&5
configure:3173: $? = 0
configure:3179: cc -c conftest.c -o conftest2.o >&5
configure:3183: $? = 0
configure:3238: result: yes
configure:3252: checking for system library directory
configure:3267: result: lib
configure:3274: checking if compiler supports -R
configure:3293: cc -o conftest -g -O2   conftest.c -R /usr/lib  >&5
cc: error: unrecognized command line option '-R'
configure:3293: $? = 1
configure: failed program was:
| /* confdefs.h */
| #define PACKAGE_NAME ""
| #define PACKAGE_TARNAME ""
| #define PACKAGE_VERSION ""
| #define PACKAGE_STRING ""
| #define PACKAGE_BUGREPORT ""
| #define PACKAGE_URL ""
| /* end confdefs.h.  */
| 
| int
| main ()
| {
| 
|   ;
|   return 0;
| }
configure:3303: result: no
configure:3308: checking if compiler supports -Wl,-rpath,
configure:3327: cc -o conftest -g -O2   conftest.c -Wl,-rpath,/usr/lib  >&5
configure:3327: $? = 0
configure:3337: result: yes
configure:3382: checking build system type
configure:3396: result: x86_64-unknown-linux-gnu
configure:3416: checking host system type
configure:3429: result: x86_64-unknown-linux-gnu
configure:3449: checking target system type
configure:3462: result: x86_64-unknown-linux-gnu
configure:3565: checking for PHP prefix
configure:3567: result: /usr
configure:3569: checking for PHP includes
configure:3571: result: -I/usr/include/php -I/usr/include/php/main -I/usr/include/php/TSRM -I/usr/include/php/Zend -I/usr/include/php/ext -I/usr/include/php/ext/date/lib
configure:3573: checking for PHP extension directory
configure:3575: result: /usr/lib64/php/modules
configure:3577: checking for PHP installed headers prefix
configure:3579: result: /usr/include/php
configure:3582: checking if debug is enabled
configure:3608: result: no
configure:3611: checking if zts is enabled
configure:3637: result: no
configure:3708: checking for re2c
configure:3738: result: no
configure:3763: WARNING: You will need re2c 0.13.4 or later if you want to regenerate PHP parsers.
configure:3777: checking for gawk
configure:3794: found /usr/bin/gawk
configure:3805: result: gawk
configure:3848: checking whether to enable the imagick extension
configure:3888: result: yes, shared
configure:3897: checking whether to enable the imagick GraphicsMagick backend
configure:3912: result: no
configure:3924: checking ImageMagick MagickWand API configuration program
configure:3943: result: found in /usr/bin/MagickWand-config
configure:3949: checking if ImageMagick version is at least 6.2.4
configure:3952: result: found version 6.7.8 Q16 
configure:3977: checking for MagickWand.h header file
configure:3981: result: found in /usr/include/ImageMagick/wand/MagickWand.h
configure:3992: checking PHP version is at least 5.1.3
configure:4010: result: yes. found 5.4.16
configure:4539: checking how to print strings
configure:4566: result: printf
configure:4587: checking for a sed that does not truncate output
configure:4651: result: /usr/bin/sed
configure:4669: checking for fgrep
configure:4731: result: /usr/bin/grep -F
configure:4766: checking for ld used by cc
configure:4833: result: /usr/bin/ld
configure:4840: checking if the linker (/usr/bin/ld) is GNU ld
configure:4855: result: yes
configure:4867: checking for BSD- or MS-compatible name lister (nm)
configure:4916: result: /usr/bin/nm -B
configure:5046: checking the name lister (/usr/bin/nm -B) interface
configure:5053: cc -c -g -O2  conftest.c >&5
configure:5056: /usr/bin/nm -B "conftest.o"
configure:5059: output
0000000000000000 B some_variable
configure:5066: result: BSD nm
configure:5069: checking whether ln -s works
configure:5073: result: yes
configure:5081: checking the maximum length of command line arguments
configure:5211: result: 1966080
configure:5228: checking whether the shell understands some XSI constructs
configure:5238: result: yes
configure:5242: checking whether the shell understands "+="
configure:5248: result: yes
configure:5283: checking how to convert x86_64-unknown-linux-gnu file names to x86_64-unknown-linux-gnu format
configure:5323: result: func_convert_file_noop
configure:5330: checking how to convert x86_64-unknown-linux-gnu file names to toolchain format
configure:5350: result: func_convert_file_noop
configure:5357: checking for /usr/bin/ld option to reload object files
configure:5364: result: -r
configure:5438: checking for objdump
configure:5454: found /usr/bin/objdump
configure:5465: result: objdump
configure:5497: checking how to recognize dependent libraries
configure:5699: result: pass_all
configure:5784: checking for dlltool
configure:5814: result: no
configure:5844: checking how to associate runtime and link libraries
configure:5871: result: printf %s\n
configure:5931: checking for ar
configure:5947: found /usr/bin/ar
configure:5958: result: ar
configure:5995: checking for archiver @FILE support
configure:6012: cc -c -g -O2  conftest.c >&5
configure:6012: $? = 0
configure:6015: ar cru libconftest.a @conftest.lst >&5
configure:6018: $? = 0
configure:6023: ar cru libconftest.a @conftest.lst >&5
ar: conftest.o: No such file or directory
configure:6026: $? = 1
configure:6038: result: @
configure:6096: checking for strip
configure:6112: found /usr/bin/strip
configure:6123: result: strip
configure:6195: checking for ranlib
configure:6211: found /usr/bin/ranlib
configure:6222: result: ranlib
configure:6299: checking for gawk
configure:6326: result: gawk
configure:6366: checking command to parse /usr/bin/nm -B output from cc object
configure:6486: cc -c -g -O2  conftest.c >&5
configure:6489: $? = 0
configure:6493: /usr/bin/nm -B conftest.o \| sed -n -e 's/^.*[ ]\([ABCDGIRSTW][ABCDGIRSTW]*\)[ ][ ]*\([_A-Za-z][_A-Za-z0-9]*\)$/\1 \2 \2/p' | sed '/ __gnu_lto/d' \> conftest.nm
configure:6496: $? = 0
configure:6562: cc -o conftest -g -O2   conftest.c conftstm.o >&5
configure:6565: $? = 0
configure:6603: result: ok
configure:6640: checking for sysroot
configure:6670: result: no
configure:6747: cc -c -g -O2  conftest.c >&5
configure:6750: $? = 0
configure:6926: checking for mt
configure:6956: result: no
configure:6976: checking if : is a manifest tool
configure:6982: : '-?'
configure:6990: result: no
configure:7627: checking for ANSI C header files
configure:7647: cc -c -g -O2  conftest.c >&5
configure:7647: $? = 0
configure:7720: cc -o conftest -g -O2   conftest.c  >&5
configure:7720: $? = 0
configure:7720: ./conftest
configure:7720: $? = 0
configure:7731: result: yes
configure:7744: checking for sys/types.h
configure:7744: cc -c -g -O2  conftest.c >&5
configure:7744: $? = 0
configure:7744: result: yes
configure:7744: checking for sys/stat.h
configure:7744: cc -c -g -O2  conftest.c >&5
configure:7744: $? = 0
configure:7744: result: yes
configure:7744: checking for stdlib.h
configure:7744: cc -c -g -O2  conftest.c >&5
configure:7744: $? = 0
configure:7744: result: yes
configure:7744: checking for string.h
configure:7744: cc -c -g -O2  conftest.c >&5
configure:7744: $? = 0
configure:7744: result: yes
configure:7744: checking for memory.h
configure:7744: cc -c -g -O2  conftest.c >&5
configure:7744: $? = 0
configure:7744: result: yes
configure:7744: checking for strings.h
configure:7744: cc -c -g -O2  conftest.c >&5
configure:7744: $? = 0
configure:7744: result: yes
configure:7744: checking for inttypes.h
configure:7744: cc -c -g -O2  conftest.c >&5
configure:7744: $? = 0
configure:7744: result: yes
configure:7744: checking for stdint.h
configure:7744: cc -c -g -O2  conftest.c >&5
configure:7744: $? = 0
configure:7744: result: yes
configure:7744: checking for unistd.h
configure:7744: cc -c -g -O2  conftest.c >&5
configure:7744: $? = 0
configure:7744: result: yes
configure:7758: checking for dlfcn.h
configure:7758: cc -c -g -O2  conftest.c >&5
configure:7758: $? = 0
configure:7758: result: yes
configure:7964: checking for objdir
configure:7979: result: .libs
configure:8250: checking if cc supports -fno-rtti -fno-exceptions
configure:8268: cc -c -g -O2  -fno-rtti -fno-exceptions conftest.c >&5
cc1: warning: command line option '-fno-rtti' is valid for C++/ObjC++ but not for C [enabled by default]
configure:8272: $? = 0
configure:8285: result: no
configure:8612: checking for cc option to produce PIC
configure:8619: result: -fPIC -DPIC
configure:8627: checking if cc PIC flag -fPIC -DPIC works
configure:8645: cc -c -g -O2  -fPIC -DPIC -DPIC conftest.c >&5
configure:8649: $? = 0
configure:8662: result: yes
configure:8691: checking if cc static flag -static works
configure:8719: result: no
configure:8734: checking if cc supports -c -o file.o
configure:8755: cc -c -g -O2  -o out/conftest2.o conftest.c >&5
configure:8759: $? = 0
configure:8781: result: yes
configure:8789: checking if cc supports -c -o file.o
configure:8836: result: yes
configure:8869: checking whether the cc linker (/usr/bin/ld) supports shared libraries
configure:10022: result: yes
configure:10059: checking whether -lc should be explicitly linked in
configure:10067: cc -c -g -O2  conftest.c >&5
configure:10070: $? = 0
configure:10085: cc -shared  -fPIC -DPIC conftest.o  -v -Wl,-soname -Wl,conftest -o conftest 2\>\&1 \| /usr/bin/grep  -lc  \>/dev/null 2\>\&1
configure:10088: $? = 0
configure:10102: result: no
configure:10262: checking dynamic linker characteristics
configure:10773: cc -o conftest -g -O2   -Wl,-rpath -Wl,/foo conftest.c  >&5
configure:10773: $? = 0
configure:10999: result: GNU/Linux ld.so
configure:11106: checking how to hardcode library paths into programs
configure:11131: result: immediate
configure:11671: checking whether stripping libraries is possible
configure:11676: result: yes
configure:11711: checking if libtool supports shared libraries
configure:11713: result: yes
configure:11716: checking whether to build shared libraries
configure:11737: result: yes
configure:11740: checking whether to build static libraries
configure:11744: result: no
configure:12020: creating ./config.status

## ---------------------- ##
## Running config.status. ##
## ---------------------- ##

This file was extended by config.status, which was
generated by GNU Autoconf 2.69.  Invocation command line was

  CONFIG_FILES    = 
  CONFIG_HEADERS  = 
  CONFIG_LINKS    = 
  CONFIG_COMMANDS = 
  $ ./config.status 

on bdtp

config.status:888: creating config.h
config.status:992: executing libtool commands

## ---------------- ##
## Cache variables. ##
## ---------------- ##

ac_cv_build=x86_64-unknown-linux-gnu
ac_cv_c_compiler_gnu=yes
ac_cv_env_CC_set=
ac_cv_env_CC_value=
ac_cv_env_CFLAGS_set=
ac_cv_env_CFLAGS_value=
ac_cv_env_CPPFLAGS_set=
ac_cv_env_CPPFLAGS_value=
ac_cv_env_CPP_set=
ac_cv_env_CPP_value=
ac_cv_env_LDFLAGS_set=
ac_cv_env_LDFLAGS_value=
ac_cv_env_LIBS_set=
ac_cv_env_LIBS_value=
ac_cv_env_build_alias_set=
ac_cv_env_build_alias_value=
ac_cv_env_host_alias_set=
ac_cv_env_host_alias_value=
ac_cv_env_target_alias_set=
ac_cv_env_target_alias_value=
ac_cv_header_dlfcn_h=yes
ac_cv_header_inttypes_h=yes
ac_cv_header_memory_h=yes
ac_cv_header_stdc=yes
ac_cv_header_stdint_h=yes
ac_cv_header_stdlib_h=yes
ac_cv_header_string_h=yes
ac_cv_header_strings_h=yes
ac_cv_header_sys_stat_h=yes
ac_cv_header_sys_types_h=yes
ac_cv_header_unistd_h=yes
ac_cv_host=x86_64-unknown-linux-gnu
ac_cv_objext=o
ac_cv_path_EGREP='/usr/bin/grep -E'
ac_cv_path_FGREP='/usr/bin/grep -F'
ac_cv_path_GREP=/usr/bin/grep
ac_cv_path_SED=/usr/bin/sed
ac_cv_prog_AWK=gawk
ac_cv_prog_CPP='cc -E'
ac_cv_prog_ac_ct_AR=ar
ac_cv_prog_ac_ct_CC=cc
ac_cv_prog_ac_ct_OBJDUMP=objdump
ac_cv_prog_ac_ct_RANLIB=ranlib
ac_cv_prog_ac_ct_STRIP=strip
ac_cv_prog_cc_c89=
ac_cv_prog_cc_cc_c_o=yes
ac_cv_prog_cc_g=yes
ac_cv_target=x86_64-unknown-linux-gnu
lt_cv_ar_at_file=@
lt_cv_archive_cmds_need_lc=no
lt_cv_deplibs_check_method=pass_all
lt_cv_file_magic_cmd='$MAGIC_CMD'
lt_cv_file_magic_test_file=
lt_cv_ld_reload_flag=-r
lt_cv_nm_interface='BSD nm'
lt_cv_objdir=.libs
lt_cv_path_LD=/usr/bin/ld
lt_cv_path_NM='/usr/bin/nm -B'
lt_cv_path_mainfest_tool=no
lt_cv_prog_compiler_c_o=yes
lt_cv_prog_compiler_pic='-fPIC -DPIC'
lt_cv_prog_compiler_pic_works=yes
lt_cv_prog_compiler_rtti_exceptions=no
lt_cv_prog_compiler_static_works=no
lt_cv_prog_gnu_ld=yes
lt_cv_sharedlib_from_linklib_cmd='printf %s\n'
lt_cv_shlibpath_overrides_runpath=no
lt_cv_sys_global_symbol_pipe='sed -n -e '\''s/^.*[	 ]\([ABCDGIRSTW][ABCDGIRSTW]*\)[	 ][	 ]*\([_A-Za-z][_A-Za-z0-9]*\)$/\1 \2 \2/p'\'' | sed '\''/ __gnu_lto/d'\'''
lt_cv_sys_global_symbol_to_c_name_address='sed -n -e '\''s/^: \([^ ]*\)[ ]*$/  {\"\1\", (void *) 0},/p'\'' -e '\''s/^[ABCDGIRSTW]* \([^ ]*\) \([^ ]*\)$/  {"\2", (void *) \&\2},/p'\'''
lt_cv_sys_global_symbol_to_c_name_address_lib_prefix='sed -n -e '\''s/^: \([^ ]*\)[ ]*$/  {\"\1\", (void *) 0},/p'\'' -e '\''s/^[ABCDGIRSTW]* \([^ ]*\) \(lib[^ ]*\)$/  {"\2", (void *) \&\2},/p'\'' -e '\''s/^[ABCDGIRSTW]* \([^ ]*\) \([^ ]*\)$/  {"lib\2", (void *) \&\2},/p'\'''
lt_cv_sys_global_symbol_to_cdecl='sed -n -e '\''s/^T .* \(.*\)$/extern int \1();/p'\'' -e '\''s/^[ABCDGIRSTW]* .* \(.*\)$/extern char \1;/p'\'''
lt_cv_sys_max_cmd_len=1966080
lt_cv_to_host_file_cmd=func_convert_file_noop
lt_cv_to_tool_file_cmd=func_convert_file_noop
php_cv_cc_dashr=no
php_cv_cc_rpath=yes

## ----------------- ##
## Output variables. ##
## ----------------- ##

AR='ar'
AWK='gawk'
CC='cc'
CFLAGS='-g -O2'
CONFIGURE_COMMAND=' '\''./configure'\'' '
CONFIGURE_OPTIONS=''
CPP='cc -E'
CPPFLAGS=' -DHAVE_CONFIG_H'
DEFS='-DHAVE_CONFIG_H'
DLLTOOL='false'
DSYMUTIL=''
DUMPBIN=''
ECHO_C=''
ECHO_N='-n'
ECHO_T=''
EGREP='/usr/bin/grep -E'
EXEEXT=''
FGREP='/usr/bin/grep -F'
GREP='/usr/bin/grep'
LD='/usr/bin/ld'
LDFLAGS=''
LIBOBJS=''
LIBS=''
LIBTOOL='$(SHELL) $(top_builddir)/libtool'
LIPO=''
LN_S='ln -s'
LTLIBOBJS=''
MANIFEST_TOOL=':'
NM='/usr/bin/nm -B'
NMEDIT=''
OBJDUMP='objdump'
OBJEXT='o'
OTOOL64=''
OTOOL=''
PACKAGE_BUGREPORT=''
PACKAGE_NAME=''
PACKAGE_STRING=''
PACKAGE_TARNAME=''
PACKAGE_URL=''
PACKAGE_VERSION=''
PATH_SEPARATOR=':'
RANLIB='ranlib'
RE2C='exit 0;'
SED='/usr/bin/sed'
SHELL='/bin/sh'
SHLIB_DL_SUFFIX_NAME='so'
SHLIB_SUFFIX_NAME='so'
STRIP='strip'
ac_ct_AR='ar'
ac_ct_CC='cc'
ac_ct_DUMPBIN=''
bindir='${exec_prefix}/bin'
build='x86_64-unknown-linux-gnu'
build_alias=''
build_cpu='x86_64'
build_os='linux-gnu'
build_vendor='unknown'
datadir='${datarootdir}'
datarootdir='${prefix}/share'
docdir='${datarootdir}/doc/${PACKAGE}'
dvidir='${docdir}'
exec_prefix='$(prefix)'
host='x86_64-unknown-linux-gnu'
host_alias='x86_64-unknown-linux-gnu'
host_cpu='x86_64'
host_os='linux-gnu'
host_vendor='unknown'
htmldir='${docdir}'
includedir='${prefix}/include'
infodir='${datarootdir}/info'
libdir='${exec_prefix}/lib'
libexecdir='${exec_prefix}/libexec'
localedir='${datarootdir}/locale'
localstatedir='${prefix}/var'
mandir='${datarootdir}/man'
oldincludedir='/usr/include'
pdfdir='${docdir}'
prefix='/usr'
program_transform_name='s,x,x,'
psdir='${docdir}'
sbindir='${exec_prefix}/sbin'
sharedstatedir='${prefix}/com'
sysconfdir='${prefix}/etc'
target='x86_64-unknown-linux-gnu'
target_alias=''
target_cpu='x86_64'
target_os='linux-gnu'
target_vendor='unknown'

## ----------- ##
## confdefs.h. ##
## ----------- ##

/* confdefs.h */
#define PACKAGE_NAME ""
#define PACKAGE_TARNAME ""
#define PACKAGE_VERSION ""
#define PACKAGE_STRING ""
#define PACKAGE_BUGREPORT ""
#define PACKAGE_URL ""
#define IMAGICK_USE_NEW_HEADER 1
#define HAVE_IMAGICK 1
#define COMPILE_DL_IMAGICK 1
#define STDC_HEADERS 1
#define HAVE_SYS_TYPES_H 1
#define HAVE_SYS_STAT_H 1
#define HAVE_STDLIB_H 1
#define HAVE_STRING_H 1
#define HAVE_MEMORY_H 1
#define HAVE_STRINGS_H 1
#define HAVE_INTTYPES_H 1
#define HAVE_STDINT_H 1
#define HAVE_UNISTD_H 1
#define HAVE_DLFCN_H 1
#define LT_OBJDIR ".libs/"

configure: exit 0
